\BOOKMARK [0][-]{chapter.1}{The PAG Package}{}% 1
\BOOKMARK [1][-]{section.1.1}{Getting Started}{chapter.1}% 2
\BOOKMARK [1][-]{section.1.2}{Installation}{chapter.1}% 3
\BOOKMARK [1][-]{section.1.3}{Examples: Designs}{chapter.1}% 4
\BOOKMARK [1][-]{section.1.4}{Examples: Latin Squares}{chapter.1}% 5
\BOOKMARK [1][-]{section.1.5}{Examples: Cubes of Symmetric Designs}{chapter.1}% 6
\BOOKMARK [1][-]{section.1.6}{Examples: Projection Cubes of Symmetric Designs}{chapter.1}% 7
\BOOKMARK [1][-]{section.1.7}{Examples: Mosaics of Combinatorial Designs}{chapter.1}% 8
\BOOKMARK [0][-]{chapter.2}{The PAG Functions}{}% 9
\BOOKMARK [1][-]{section.2.1}{Working With Permutation Groups}{chapter.2}% 10
\BOOKMARK [1][-]{section.2.2}{Generating Orbits}{chapter.2}% 11
\BOOKMARK [1][-]{section.2.3}{Constructing Objects}{chapter.2}% 12
\BOOKMARK [1][-]{section.2.4}{Inspecting Objects and Other Functions}{chapter.2}% 13
\BOOKMARK [1][-]{section.2.5}{Latin Squares}{chapter.2}% 14
\BOOKMARK [1][-]{section.2.6}{Cubes of Symmetric Designs}{chapter.2}% 15
\BOOKMARK [1][-]{section.2.7}{Projection Cubes of Symmetric Designs}{chapter.2}% 16
\BOOKMARK [1][-]{section.2.8}{Hadamard Matrices}{chapter.2}% 17
\BOOKMARK [1][-]{section.2.9}{Mosaics of Combinatorial Designs}{chapter.2}% 18
\BOOKMARK [1][-]{section.2.10}{Global Options}{chapter.2}% 19
\BOOKMARK [0][-]{chapter*.5}{References}{}% 20
\BOOKMARK [0][-]{section*.6}{Index}{}% 21
